Flow report for driver_board
Thu Mar 21 16:08:43 2024
Quartus II 64-Bit Version 13.1.0 Build 162 10/23/2013 SJ Full Version


---------------------
; Table of Contents ;
---------------------
  1. Legal Notice
  2. Flow Summary
  3. Flow Settings
  4. Flow Non-Default Global Settings
  5. Flow Elapsed Time
  6. Flow OS Summary
  7. Flow Log
  8. Flow Messages
  9. Flow Suppressed Messages



----------------
; Legal Notice ;
----------------
Copyright (C) 1991-2013 Altera Corporation
Your use of Altera Corporation's design tools, logic functions 
and other software and tools, and its AMPP partner logic 
functions, and any output files from any of the foregoing 
(including device programming or simulation files), and any 
associated documentation or information are expressly subject 
to the terms and conditions of the Altera Program License 
Subscription Agreement, Altera MegaCore Function License 
Agreement, or other applicable license agreement, including, 
without limitation, that your use is for the sole purpose of 
programming logic devices manufactured by Altera and sold by 
Altera or its authorized distributors.  Please refer to the 
applicable agreement for further details.



+-------------------------------------------------------------------------+
; Flow Summary                                                            ;
+---------------------------+---------------------------------------------+
; Flow Status               ; Successful - Thu Mar 21 16:08:43 2024       ;
; Quartus II 64-Bit Version ; 13.1.0 Build 162 10/23/2013 SJ Full Version ;
; Revision Name             ; driver_board                                ;
; Top-level Entity Name     ; driver_board                                ;
; Family                    ; MAX II                                      ;
; Device                    ; EPM1270T144I5                               ;
; Timing Models             ; Final                                       ;
; Total logic elements      ; 779 / 1,270 ( 61 % )                        ;
; Total pins                ; 37 / 116 ( 32 % )                           ;
; Total virtual pins        ; 0                                           ;
; UFM blocks                ; 0 / 1 ( 0 % )                               ;
+---------------------------+---------------------------------------------+


+-----------------------------------------+
; Flow Settings                           ;
+-------------------+---------------------+
; Option            ; Setting             ;
+-------------------+---------------------+
; Start date & time ; 03/21/2024 16:08:34 ;
; Main task         ; Compilation         ;
; Revision Name     ; driver_board        ;
+-------------------+---------------------+


+------------------------------------------------------------------------------------------------------------------------+
; Flow Non-Default Global Settings                                                                                       ;
+---------------------------------------+---------------------------------+---------------+-------------+----------------+
; Assignment Name                       ; Value                           ; Default Value ; Entity Name ; Section Id     ;
+---------------------------------------+---------------------------------+---------------+-------------+----------------+
; COMPILER_SIGNATURE_ID                 ; 115287452290268.171100851424520 ; --            ; --          ; --             ;
; EDA_DESIGN_INSTANCE_NAME              ; NA                              ; --            ; --          ; tb_pwm_out.v   ;
; EDA_NATIVELINK_SIMULATION_TEST_BENCH  ; tb_pwm_out.v                    ; --            ; --          ; eda_simulation ;
; EDA_OUTPUT_DATA_FORMAT                ; Verilog Hdl                     ; --            ; --          ; eda_simulation ;
; EDA_SIMULATION_TOOL                   ; ModelSim (Verilog)              ; <None>        ; --          ; --             ;
; EDA_TEST_BENCH_ENABLE_STATUS          ; TEST_BENCH_MODE                 ; --            ; --          ; eda_simulation ;
; EDA_TEST_BENCH_FILE                   ; tb_pwm_out.v                    ; --            ; --          ; tb_pwm_out.v   ;
; EDA_TEST_BENCH_MODULE_NAME            ; tb_pwm_out.v                    ; --            ; --          ; tb_pwm_out.v   ;
; EDA_TEST_BENCH_NAME                   ; tb_pwm_out.v                    ; --            ; --          ; eda_simulation ;
; EDA_TIME_SCALE                        ; 1 ns                            ; --            ; --          ; eda_simulation ;
; MAX_CORE_JUNCTION_TEMP                ; 100                             ; --            ; --          ; --             ;
; MIN_CORE_JUNCTION_TEMP                ; -40                             ; --            ; --          ; --             ;
; POWER_EXT_SUPPLY_VOLTAGE_TO_REGULATOR ; 3.3V                            ; --            ; --          ; --             ;
; POWER_PRESET_COOLING_SOLUTION         ; No Heat Sink With Still Air     ; --            ; --          ; --             ;
; PROJECT_OUTPUT_DIRECTORY              ; output_files                    ; --            ; --          ; --             ;
+---------------------------------------+---------------------------------+---------------+-------------+----------------+


+-------------------------------------------------------------------------------------------------------------------------------+
; Flow Elapsed Time                                                                                                             ;
+---------------------------+--------------+-------------------------+---------------------+------------------------------------+
; Module Name               ; Elapsed Time ; Average Processors Used ; Peak Virtual Memory ; Total CPU Time (on all processors) ;
+---------------------------+--------------+-------------------------+---------------------+------------------------------------+
; Analysis & Synthesis      ; 00:00:02     ; 1.0                     ; 4610 MB             ; 00:00:00                           ;
; Fitter                    ; 00:00:03     ; 7.5                     ; 5948 MB             ; 00:00:00                           ;
; Assembler                 ; 00:00:00     ; 1.0                     ; 4562 MB             ; 00:00:00                           ;
; TimeQuest Timing Analyzer ; 00:00:01     ; 1.0                     ; 4604 MB             ; 00:00:00                           ;
; EDA Netlist Writer        ; 00:00:00     ; 1.0                     ; 4532 MB             ; 00:00:00                           ;
; Total                     ; 00:00:06     ; --                      ; --                  ; 00:00:00                           ;
+---------------------------+--------------+-------------------------+---------------------+------------------------------------+


+----------------------------------------------------------------------------------------+
; Flow OS Summary                                                                        ;
+---------------------------+------------------+-----------+------------+----------------+
; Module Name               ; Machine Hostname ; OS Name   ; OS Version ; Processor type ;
+---------------------------+------------------+-----------+------------+----------------+
; Analysis & Synthesis      ; USER-20231120HK  ; Windows 7 ; 6.2        ; x86_64         ;
; Fitter                    ; USER-20231120HK  ; Windows 7 ; 6.2        ; x86_64         ;
; Assembler                 ; USER-20231120HK  ; Windows 7 ; 6.2        ; x86_64         ;
; TimeQuest Timing Analyzer ; USER-20231120HK  ; Windows 7 ; 6.2        ; x86_64         ;
; EDA Netlist Writer        ; USER-20231120HK  ; Windows 7 ; 6.2        ; x86_64         ;
+---------------------------+------------------+-----------+------------+----------------+


------------
; Flow Log ;
------------
quartus_map --read_settings_files=on --write_settings_files=off driver_board -c driver_board
quartus_fit --read_settings_files=off --write_settings_files=off driver_board -c driver_board
quartus_asm --read_settings_files=off --write_settings_files=off driver_board -c driver_board
quartus_sta driver_board -c driver_board
quartus_eda --read_settings_files=off --write_settings_files=off driver_board -c driver_board



